0 info it worked if it ends with ok
1 verbose cli [ '/usr/bin/node', '/usr/bin/npm', 'i', '-g', 'knex' ]
2 info using npm@3.5.2
3 info using node@v8.10.0
4 silly loadCurrentTree Starting
5 silly install loadCurrentTree
6 silly install readGlobalPackageData
7 silly fetchPackageMetaData knex
8 silly fetchNamedPackageData knex
9 silly mapToRegistry name knex
10 silly mapToRegistry using default registry
11 silly mapToRegistry registry https://registry.npmjs.org/
12 silly mapToRegistry uri https://registry.npmjs.org/knex
13 verbose request uri https://registry.npmjs.org/knex
14 verbose request no auth needed
15 info attempt registry request try #1 at 20:50:57
16 verbose request id 9ff6a375b1c91a24
17 verbose etag W/"7a098aa824eade58cea214c0df8fadb2"
18 verbose lastModified Mon, 17 Aug 2020 18:14:14 GMT
19 http request GET https://registry.npmjs.org/knex
20 http 304 https://registry.npmjs.org/knex
21 verbose headers { date: 'Fri, 28 Aug 2020 23:50:58 GMT',
21 verbose headers   connection: 'keep-alive',
21 verbose headers   'set-cookie':
21 verbose headers    [ '__cfduid=db0890b3955816e72e6fd84a3d27f51cc1598658658; expires=Sun, 27-Sep-20 23:50:58 GMT; path=/; domain=.npmjs.org; HttpOnly; SameSite=Lax' ],
21 verbose headers   'cf-ray': '5ca1f004de0df1e2-GRU',
21 verbose headers   age: '5688',
21 verbose headers   'cache-control': 'public, max-age=300',
21 verbose headers   etag: '"7a098aa824eade58cea214c0df8fadb2"',
21 verbose headers   'last-modified': 'Mon, 17 Aug 2020 18:14:14 GMT',
21 verbose headers   vary: 'Accept-Encoding',
21 verbose headers   'cf-cache-status': 'HIT',
21 verbose headers   'cf-request-id': '04d91457070000f1e24bbd5200000001',
21 verbose headers   'expect-ct': 'max-age=604800, report-uri="https://report-uri.cloudflare.com/cdn-cgi/beacon/expect-ct"',
21 verbose headers   server: 'cloudflare' }
22 silly get cb [ 304,
22 silly get   { date: 'Fri, 28 Aug 2020 23:50:58 GMT',
22 silly get     connection: 'keep-alive',
22 silly get     'set-cookie':
22 silly get      [ '__cfduid=db0890b3955816e72e6fd84a3d27f51cc1598658658; expires=Sun, 27-Sep-20 23:50:58 GMT; path=/; domain=.npmjs.org; HttpOnly; SameSite=Lax' ],
22 silly get     'cf-ray': '5ca1f004de0df1e2-GRU',
22 silly get     age: '5688',
22 silly get     'cache-control': 'public, max-age=300',
22 silly get     etag: '"7a098aa824eade58cea214c0df8fadb2"',
22 silly get     'last-modified': 'Mon, 17 Aug 2020 18:14:14 GMT',
22 silly get     vary: 'Accept-Encoding',
22 silly get     'cf-cache-status': 'HIT',
22 silly get     'cf-request-id': '04d91457070000f1e24bbd5200000001',
22 silly get     'expect-ct': 'max-age=604800, report-uri="https://report-uri.cloudflare.com/cdn-cgi/beacon/expect-ct"',
22 silly get     server: 'cloudflare' } ]
23 verbose etag https://registry.npmjs.org/knex from cache
24 verbose get saving knex to /home/samuelcdias/.npm/registry.npmjs.org/knex/.cache.json
25 silly install normalizeTree
26 silly loadCurrentTree Finishing
27 silly loadIdealTree Starting
28 silly install loadIdealTree
29 silly cloneCurrentTree Starting
30 silly install cloneCurrentTreeToIdealTree
31 silly cloneCurrentTree Finishing
32 silly loadShrinkwrap Starting
33 silly install loadShrinkwrap
34 silly loadShrinkwrap Finishing
35 silly loadAllDepsIntoIdealTree Starting
36 silly install loadAllDepsIntoIdealTree
37 silly resolveWithNewModule knex@0.21.5 checking installable status
38 silly cache add args [ 'knex', null ]
39 verbose cache add spec knex
40 silly cache add parsed spec Result {
40 silly cache add   raw: 'knex',
40 silly cache add   scope: null,
40 silly cache add   name: 'knex',
40 silly cache add   rawSpec: '',
40 silly cache add   spec: 'latest',
40 silly cache add   type: 'tag' }
41 silly addNamed knex@latest
42 verbose addNamed "latest" is being treated as a dist-tag for knex
43 info addNameTag [ 'knex', 'latest' ]
44 silly mapToRegistry name knex
45 silly mapToRegistry using default registry
46 silly mapToRegistry registry https://registry.npmjs.org/
47 silly mapToRegistry uri https://registry.npmjs.org/knex
48 verbose addNameTag registry:https://registry.npmjs.org/knex not in flight; fetching
49 verbose get https://registry.npmjs.org/knex not expired, no request
50 silly addNameTag next cb for knex with tag latest
51 silly addNamed knex@0.21.5
52 verbose addNamed "0.21.5" is a plain semver version for knex
53 silly cache afterAdd knex@0.21.5
54 verbose afterAdd /home/samuelcdias/.npm/knex/0.21.5/package/package.json not in flight; writing
55 verbose afterAdd /home/samuelcdias/.npm/knex/0.21.5/package/package.json written
56 silly fetchNamedPackageData colorette
57 silly mapToRegistry name colorette
58 silly mapToRegistry using default registry
59 silly mapToRegistry registry https://registry.npmjs.org/
60 silly mapToRegistry uri https://registry.npmjs.org/colorette
61 silly fetchNamedPackageData commander
62 silly mapToRegistry name commander
63 silly mapToRegistry using default registry
64 silly mapToRegistry registry https://registry.npmjs.org/
65 silly mapToRegistry uri https://registry.npmjs.org/commander
66 silly fetchNamedPackageData debug
67 silly mapToRegistry name debug
68 silly mapToRegistry using default registry
69 silly mapToRegistry registry https://registry.npmjs.org/
70 silly mapToRegistry uri https://registry.npmjs.org/debug
71 silly fetchNamedPackageData esm
72 silly mapToRegistry name esm
73 silly mapToRegistry using default registry
74 silly mapToRegistry registry https://registry.npmjs.org/
75 silly mapToRegistry uri https://registry.npmjs.org/esm
76 silly fetchNamedPackageData getopts
77 silly mapToRegistry name getopts
78 silly mapToRegistry using default registry
79 silly mapToRegistry registry https://registry.npmjs.org/
80 silly mapToRegistry uri https://registry.npmjs.org/getopts
81 silly fetchNamedPackageData inherits
82 silly mapToRegistry name inherits
83 silly mapToRegistry using default registry
84 silly mapToRegistry registry https://registry.npmjs.org/
85 silly mapToRegistry uri https://registry.npmjs.org/inherits
86 silly fetchNamedPackageData interpret
87 silly mapToRegistry name interpret
88 silly mapToRegistry using default registry
89 silly mapToRegistry registry https://registry.npmjs.org/
90 silly mapToRegistry uri https://registry.npmjs.org/interpret
91 silly fetchNamedPackageData liftoff
92 silly mapToRegistry name liftoff
93 silly mapToRegistry using default registry
94 silly mapToRegistry registry https://registry.npmjs.org/
95 silly mapToRegistry uri https://registry.npmjs.org/liftoff
96 silly fetchNamedPackageData lodash
97 silly mapToRegistry name lodash
98 silly mapToRegistry using default registry
99 silly mapToRegistry registry https://registry.npmjs.org/
100 silly mapToRegistry uri https://registry.npmjs.org/lodash
101 silly fetchNamedPackageData mkdirp
102 silly mapToRegistry name mkdirp
103 silly mapToRegistry using default registry
104 silly mapToRegistry registry https://registry.npmjs.org/
105 silly mapToRegistry uri https://registry.npmjs.org/mkdirp
106 silly fetchNamedPackageData pg-connection-string
107 silly mapToRegistry name pg-connection-string
108 silly mapToRegistry using default registry
109 silly mapToRegistry registry https://registry.npmjs.org/
110 silly mapToRegistry uri https://registry.npmjs.org/pg-connection-string
111 silly fetchNamedPackageData tarn
112 silly mapToRegistry name tarn
113 silly mapToRegistry using default registry
114 silly mapToRegistry registry https://registry.npmjs.org/
115 silly mapToRegistry uri https://registry.npmjs.org/tarn
116 silly fetchNamedPackageData tildify
117 silly mapToRegistry name tildify
118 silly mapToRegistry using default registry
119 silly mapToRegistry registry https://registry.npmjs.org/
120 silly mapToRegistry uri https://registry.npmjs.org/tildify
121 silly fetchNamedPackageData uuid
122 silly mapToRegistry name uuid
123 silly mapToRegistry using default registry
124 silly mapToRegistry registry https://registry.npmjs.org/
125 silly mapToRegistry uri https://registry.npmjs.org/uuid
126 silly fetchNamedPackageData v8flags
127 silly mapToRegistry name v8flags
128 silly mapToRegistry using default registry
129 silly mapToRegistry registry https://registry.npmjs.org/
130 silly mapToRegistry uri https://registry.npmjs.org/v8flags
131 verbose request uri https://registry.npmjs.org/getopts
132 verbose request no auth needed
133 info attempt registry request try #1 at 20:50:58
134 verbose etag W/"133584bff64b368f35b8cc582a894d8d"
135 verbose lastModified Fri, 12 Jul 2019 02:06:31 GMT
136 http request GET https://registry.npmjs.org/getopts
137 verbose request uri https://registry.npmjs.org/colorette
138 verbose request no auth needed
139 info attempt registry request try #1 at 20:50:58
140 verbose etag W/"665ad403f25cfae166255a97f1ef22d0"
141 verbose lastModified Sun, 05 Jul 2020 13:33:21 GMT
142 http request GET https://registry.npmjs.org/colorette
143 verbose request uri https://registry.npmjs.org/inherits
144 verbose request no auth needed
145 info attempt registry request try #1 at 20:50:58
146 verbose etag W/"89b9ff30160e62cccc320a50b274ccd9"
147 verbose lastModified Wed, 19 Jun 2019 20:18:57 GMT
148 http request GET https://registry.npmjs.org/inherits
149 verbose request uri https://registry.npmjs.org/debug
150 verbose request no auth needed
151 info attempt registry request try #1 at 20:50:58
152 verbose etag W/"682ba37cc9406956ab0280ea33284028"
153 verbose lastModified Tue, 19 May 2020 09:51:31 GMT
154 http request GET https://registry.npmjs.org/debug
155 verbose request uri https://registry.npmjs.org/interpret
156 verbose request no auth needed
157 info attempt registry request try #1 at 20:50:58
158 verbose etag W/"99f2474b51cd43f129b9d8a812129e11"
159 verbose lastModified Wed, 03 Jun 2020 06:52:10 GMT
160 http request GET https://registry.npmjs.org/interpret
161 verbose request uri https://registry.npmjs.org/liftoff
162 verbose request no auth needed
163 info attempt registry request try #1 at 20:50:58
164 verbose etag W/"4c6a3e23e3b7090dd71022c3469f7f01"
165 verbose lastModified Sun, 10 Mar 2019 22:03:46 GMT
166 http request GET https://registry.npmjs.org/liftoff
167 verbose request uri https://registry.npmjs.org/esm
168 verbose request no auth needed
169 info attempt registry request try #1 at 20:50:58
170 verbose etag W/"ffb044fdd4b295d4f9a02b41022167ff"
171 verbose lastModified Fri, 16 Aug 2019 06:01:57 GMT
172 http request GET https://registry.npmjs.org/esm
173 verbose request uri https://registry.npmjs.org/mkdirp
174 verbose request no auth needed
175 info attempt registry request try #1 at 20:50:58
176 verbose etag W/"0730d9c43c136c318d8e19c69cbd72aa"
177 verbose lastModified Wed, 22 Apr 2020 06:03:24 GMT
178 http request GET https://registry.npmjs.org/mkdirp
179 verbose request uri https://registry.npmjs.org/tildify
180 verbose request no auth needed
181 info attempt registry request try #1 at 20:50:58
182 verbose etag W/"52aeb914d453aef59b84e4d99861ffeb"
183 verbose lastModified Mon, 29 Apr 2019 03:38:41 GMT
184 http request GET https://registry.npmjs.org/tildify
185 verbose request uri https://registry.npmjs.org/pg-connection-string
186 verbose request no auth needed
187 info attempt registry request try #1 at 20:50:58
188 verbose etag W/"bd36b5ef99b401e9600bf9fc6844d0a7"
189 verbose lastModified Thu, 09 Jul 2020 15:41:41 GMT
190 http request GET https://registry.npmjs.org/pg-connection-string
191 verbose request uri https://registry.npmjs.org/tarn
192 verbose request no auth needed
193 info attempt registry request try #1 at 20:50:58
194 verbose etag W/"5f818753ef5dff721be0f4d8b9d01fb6"
195 verbose lastModified Sat, 18 Apr 2020 00:10:20 GMT
196 http request GET https://registry.npmjs.org/tarn
197 verbose request uri https://registry.npmjs.org/v8flags
198 verbose request no auth needed
199 info attempt registry request try #1 at 20:50:58
200 verbose etag W/"89844c7b247807135e4a197d630e317c"
201 verbose lastModified Sun, 31 May 2020 22:29:48 GMT
202 http request GET https://registry.npmjs.org/v8flags
203 verbose request uri https://registry.npmjs.org/lodash
204 verbose request no auth needed
205 info attempt registry request try #1 at 20:50:58
206 verbose etag W/"3f005a7ad577880ce2d2f8c0a9840608"
207 verbose lastModified Sun, 16 Aug 2020 05:34:37 GMT
208 http request GET https://registry.npmjs.org/lodash
209 verbose request uri https://registry.npmjs.org/commander
210 verbose request no auth needed
211 info attempt registry request try #1 at 20:50:58
212 verbose etag W/"65d5975cae4cb11e26b72fa9ce8edd8f"
213 verbose lastModified Fri, 28 Aug 2020 01:22:58 GMT
214 http request GET https://registry.npmjs.org/commander
215 verbose request uri https://registry.npmjs.org/uuid
216 verbose request no auth needed
217 info attempt registry request try #1 at 20:50:58
218 verbose etag W/"81541449430a931ec16d0b1d296f18cd"
219 verbose lastModified Mon, 27 Jul 2020 19:01:40 GMT
220 http request GET https://registry.npmjs.org/uuid
221 http 304 https://registry.npmjs.org/getopts
222 verbose headers { date: 'Fri, 28 Aug 2020 23:50:58 GMT',
222 verbose headers   connection: 'keep-alive',
222 verbose headers   'set-cookie':
222 verbose headers    [ '__cfduid=db0890b3955816e72e6fd84a3d27f51cc1598658658; expires=Sun, 27-Sep-20 23:50:58 GMT; path=/; domain=.npmjs.org; HttpOnly; SameSite=Lax' ],
222 verbose headers   'cf-ray': '5ca1f006b9dff1e2-GRU',
222 verbose headers   age: '7081',
222 verbose headers   'cache-control': 'public, max-age=300',
222 verbose headers   etag: '"133584bff64b368f35b8cc582a894d8d"',
222 verbose headers   'last-modified': 'Fri, 12 Jul 2019 02:06:31 GMT',
222 verbose headers   vary: 'Accept-Encoding',
222 verbose headers   'cf-cache-status': 'HIT',
222 verbose headers   'cf-request-id': '04d91458360000f1e24bbe3200000001',
222 verbose headers   'expect-ct': 'max-age=604800, report-uri="https://report-uri.cloudflare.com/cdn-cgi/beacon/expect-ct"',
222 verbose headers   server: 'cloudflare' }
223 silly get cb [ 304,
223 silly get   { date: 'Fri, 28 Aug 2020 23:50:58 GMT',
223 silly get     connection: 'keep-alive',
223 silly get     'set-cookie':
223 silly get      [ '__cfduid=db0890b3955816e72e6fd84a3d27f51cc1598658658; expires=Sun, 27-Sep-20 23:50:58 GMT; path=/; domain=.npmjs.org; HttpOnly; SameSite=Lax' ],
223 silly get     'cf-ray': '5ca1f006b9dff1e2-GRU',
223 silly get     age: '7081',
223 silly get     'cache-control': 'public, max-age=300',
223 silly get     etag: '"133584bff64b368f35b8cc582a894d8d"',
223 silly get     'last-modified': 'Fri, 12 Jul 2019 02:06:31 GMT',
223 silly get     vary: 'Accept-Encoding',
223 silly get     'cf-cache-status': 'HIT',
223 silly get     'cf-request-id': '04d91458360000f1e24bbe3200000001',
223 silly get     'expect-ct': 'max-age=604800, report-uri="https://report-uri.cloudflare.com/cdn-cgi/beacon/expect-ct"',
223 silly get     server: 'cloudflare' } ]
224 verbose etag https://registry.npmjs.org/getopts from cache
225 verbose get saving getopts to /home/samuelcdias/.npm/registry.npmjs.org/getopts/.cache.json
226 silly resolveWithNewModule getopts@2.2.5 checking installable status
227 silly cache add args [ 'getopts@2.2.5', null ]
228 verbose cache add spec getopts@2.2.5
229 silly cache add parsed spec Result {
229 silly cache add   raw: 'getopts@2.2.5',
229 silly cache add   scope: null,
229 silly cache add   name: 'getopts',
229 silly cache add   rawSpec: '2.2.5',
229 silly cache add   spec: '2.2.5',
229 silly cache add   type: 'version' }
230 silly addNamed getopts@2.2.5
231 verbose addNamed "2.2.5" is a plain semver version for getopts
232 silly mapToRegistry name getopts
233 silly mapToRegistry using default registry
234 silly mapToRegistry registry https://registry.npmjs.org/
235 silly mapToRegistry uri https://registry.npmjs.org/getopts
236 verbose addNameVersion registry:https://registry.npmjs.org/getopts not in flight; fetching
237 verbose get https://registry.npmjs.org/getopts not expired, no request
238 silly cache afterAdd getopts@2.2.5
239 verbose afterAdd /home/samuelcdias/.npm/getopts/2.2.5/package/package.json not in flight; writing
240 verbose afterAdd /home/samuelcdias/.npm/getopts/2.2.5/package/package.json written
241 http 304 https://registry.npmjs.org/commander
242 verbose headers { date: 'Fri, 28 Aug 2020 23:50:58 GMT',
242 verbose headers   connection: 'keep-alive',
242 verbose headers   'set-cookie':
242 verbose headers    [ '__cfduid=db0890b3955816e72e6fd84a3d27f51cc1598658658; expires=Sun, 27-Sep-20 23:50:58 GMT; path=/; domain=.npmjs.org; HttpOnly; SameSite=Lax' ],
242 verbose headers   'cf-ray': '5ca1f0074ad6f1e2-GRU',
242 verbose headers   age: '6619',
242 verbose headers   'cache-control': 'public, max-age=300',
242 verbose headers   etag: '"65d5975cae4cb11e26b72fa9ce8edd8f"',
242 verbose headers   'last-modified': 'Fri, 28 Aug 2020 01:22:58 GMT',
242 verbose headers   vary: 'Accept-Encoding',
242 verbose headers   'cf-cache-status': 'HIT',
242 verbose headers   'cf-request-id': '04d91458890000f1e24bbe6200000001',
242 verbose headers   'expect-ct': 'max-age=604800, report-uri="https://report-uri.cloudflare.com/cdn-cgi/beacon/expect-ct"',
242 verbose headers   server: 'cloudflare' }
243 silly get cb [ 304,
243 silly get   { date: 'Fri, 28 Aug 2020 23:50:58 GMT',
243 silly get     connection: 'keep-alive',
243 silly get     'set-cookie':
243 silly get      [ '__cfduid=db0890b3955816e72e6fd84a3d27f51cc1598658658; expires=Sun, 27-Sep-20 23:50:58 GMT; path=/; domain=.npmjs.org; HttpOnly; SameSite=Lax' ],
243 silly get     'cf-ray': '5ca1f0074ad6f1e2-GRU',
243 silly get     age: '6619',
243 silly get     'cache-control': 'public, max-age=300',
243 silly get     etag: '"65d5975cae4cb11e26b72fa9ce8edd8f"',
243 silly get     'last-modified': 'Fri, 28 Aug 2020 01:22:58 GMT',
243 silly get     vary: 'Accept-Encoding',
243 silly get     'cf-cache-status': 'HIT',
243 silly get     'cf-request-id': '04d91458890000f1e24bbe6200000001',
243 silly get     'expect-ct': 'max-age=604800, report-uri="https://report-uri.cloudflare.com/cdn-cgi/beacon/expect-ct"',
243 silly get     server: 'cloudflare' } ]
244 verbose etag https://registry.npmjs.org/commander from cache
245 verbose get saving commander to /home/samuelcdias/.npm/registry.npmjs.org/commander/.cache.json
246 silly resolveWithNewModule commander@5.1.0 checking installable status
247 silly cache add args [ 'commander@^5.1.0', null ]
248 verbose cache add spec commander@^5.1.0
249 silly cache add parsed spec Result {
249 silly cache add   raw: 'commander@^5.1.0',
249 silly cache add   scope: null,
249 silly cache add   name: 'commander',
249 silly cache add   rawSpec: '^5.1.0',
249 silly cache add   spec: '>=5.1.0 <6.0.0',
249 silly cache add   type: 'range' }
250 silly addNamed commander@>=5.1.0 <6.0.0
251 verbose addNamed ">=5.1.0 <6.0.0" is a valid semver range for commander
252 silly addNameRange { name: 'commander', range: '>=5.1.0 <6.0.0', hasData: false }
253 silly mapToRegistry name commander
254 silly mapToRegistry using default registry
255 silly mapToRegistry registry https://registry.npmjs.org/
256 silly mapToRegistry uri https://registry.npmjs.org/commander
257 verbose addNameRange registry:https://registry.npmjs.org/commander not in flight; fetching
258 verbose get https://registry.npmjs.org/commander not expired, no request
259 silly addNameRange number 2 { name: 'commander', range: '>=5.1.0 <6.0.0', hasData: true }
260 silly addNameRange versions [ 'commander',
260 silly addNameRange   [ '0.0.1',
260 silly addNameRange     '0.0.3',
260 silly addNameRange     '0.0.4',
260 silly addNameRange     '0.0.5',
260 silly addNameRange     '0.1.0',
260 silly addNameRange     '0.2.0',
260 silly addNameRange     '0.2.1',
260 silly addNameRange     '0.3.0',
260 silly addNameRange     '0.3.1',
260 silly addNameRange     '0.3.2',
260 silly addNameRange     '0.3.3',
260 silly addNameRange     '0.4.0',
260 silly addNameRange     '0.4.1',
260 silly addNameRange     '0.4.2',
260 silly addNameRange     '0.4.3',
260 silly addNameRange     '0.5.0',
260 silly addNameRange     '0.5.1',
260 silly addNameRange     '0.6.0',
260 silly addNameRange     '0.6.1',
260 silly addNameRange     '0.5.2',
260 silly addNameRange     '1.0.0',
260 silly addNameRange     '1.0.1',
260 silly addNameRange     '1.0.2',
260 silly addNameRange     '1.0.3',
260 silly addNameRange     '1.0.4',
260 silly addNameRange     '1.0.5',
260 silly addNameRange     '1.1.0',
260 silly addNameRange     '1.1.1',
260 silly addNameRange     '1.2.0',
260 silly addNameRange     '1.3.0',
260 silly addNameRange     '1.3.1',
260 silly addNameRange     '1.3.2',
260 silly addNameRange     '2.0.0',
260 silly addNameRange     '2.1.0',
260 silly addNameRange     '2.2.0',
260 silly addNameRange     '2.3.0',
260 silly addNameRange     '2.4.0',
260 silly addNameRange     '2.5.0',
260 silly addNameRange     '2.5.1',
260 silly addNameRange     '2.6.0',
260 silly addNameRange     '2.7.0',
260 silly addNameRange     '2.7.1',
260 silly addNameRange     '2.8.0',
260 silly addNameRange     '2.8.1',
260 silly addNameRange     '2.9.0',
260 silly addNameRange     '2.10.0',
260 silly addNameRange     '2.11.0',
260 silly addNameRange     '2.12.0',
260 silly addNameRange     '2.12.1',
260 silly addNameRange     '2.12.2',
260 silly addNameRange     '2.13.0',
260 silly addNameRange     '2.14.0',
260 silly addNameRange     '2.14.1',
260 silly addNameRange     '2.15.0',
260 silly addNameRange     '2.15.1',
260 silly addNameRange     '2.16.0',
260 silly addNameRange     '2.17.0',
260 silly addNameRange     '2.17.1',
260 silly addNameRange     '2.18.0',
260 silly addNameRange     '2.19.0',
260 silly addNameRange     '2.20.0',
260 silly addNameRange     '3.0.0-0',
260 silly addNameRange     '3.0.0',
260 silly addNameRange     '3.0.1',
260 silly addNameRange     '3.0.2',
260 silly addNameRange     '2.20.1',
260 silly addNameRange     '4.0.0-0',
260 silly addNameRange     '4.0.0-1',
260 silly addNameRange     '2.20.3',
260 silly addNameRange     '4.0.0',
260 silly addNameRange     '4.0.1',
260 silly addNameRange     '4.1.0',
260 silly addNameRange     '5.0.0-0',
260 silly addNameRange     '4.1.1',
260 silly addNameRange     '5.0.0-1',
260 silly addNameRange     '5.0.0-2',
260 silly addNameRange     '5.0.0-3',
260 silly addNameRange     '5.0.0-4',
260 silly addNameRange     '5.0.0',
260 silly addNameRange     '5.1.0',
260 silly addNameRange     '6.0.0-0',
260 silly addNameRange     '6.0.0',
260 silly addNameRange     '6.1.0' ] ]
261 silly addNamed commander@5.1.0
262 verbose addNamed "5.1.0" is a plain semver version for commander
263 silly cache afterAdd commander@5.1.0
264 verbose afterAdd /home/samuelcdias/.npm/commander/5.1.0/package/package.json not in flight; writing
265 verbose afterAdd /home/samuelcdias/.npm/commander/5.1.0/package/package.json written
266 http 304 https://registry.npmjs.org/colorette
267 verbose headers { date: 'Fri, 28 Aug 2020 23:50:58 GMT',
267 verbose headers   connection: 'keep-alive',
267 verbose headers   'set-cookie':
267 verbose headers    [ '__cfduid=d14bc638baa087da85f5a7a0cd50f99ff1598658658; expires=Sun, 27-Sep-20 23:50:58 GMT; path=/; domain=.npmjs.org; HttpOnly; SameSite=Lax' ],
267 verbose headers   'cf-ray': '5ca1f007ea14f683-GRU',
267 verbose headers   age: '1274',
267 verbose headers   'cache-control': 'public, max-age=300',
267 verbose headers   etag: '"665ad403f25cfae166255a97f1ef22d0"',
267 verbose headers   'last-modified': 'Sun, 05 Jul 2020 13:33:21 GMT',
267 verbose headers   vary: 'Accept-Encoding',
267 verbose headers   'cf-cache-status': 'HIT',
267 verbose headers   'cf-request-id': '04d91458f20000f6834211b200000001',
267 verbose headers   'expect-ct': 'max-age=604800, report-uri="https://report-uri.cloudflare.com/cdn-cgi/beacon/expect-ct"',
267 verbose headers   server: 'cloudflare' }
268 silly get cb [ 304,
268 silly get   { date: 'Fri, 28 Aug 2020 23:50:58 GMT',
268 silly get     connection: 'keep-alive',
268 silly get     'set-cookie':
268 silly get      [ '__cfduid=d14bc638baa087da85f5a7a0cd50f99ff1598658658; expires=Sun, 27-Sep-20 23:50:58 GMT; path=/; domain=.npmjs.org; HttpOnly; SameSite=Lax' ],
268 silly get     'cf-ray': '5ca1f007ea14f683-GRU',
268 silly get     age: '1274',
268 silly get     'cache-control': 'public, max-age=300',
268 silly get     etag: '"665ad403f25cfae166255a97f1ef22d0"',
268 silly get     'last-modified': 'Sun, 05 Jul 2020 13:33:21 GMT',
268 silly get     vary: 'Accept-Encoding',
268 silly get     'cf-cache-status': 'HIT',
268 silly get     'cf-request-id': '04d91458f20000f6834211b200000001',
268 silly get     'expect-ct': 'max-age=604800, report-uri="https://report-uri.cloudflare.com/cdn-cgi/beacon/expect-ct"',
268 silly get     server: 'cloudflare' } ]
269 verbose etag https://registry.npmjs.org/colorette from cache
270 verbose get saving colorette to /home/samuelcdias/.npm/registry.npmjs.org/colorette/.cache.json
271 http 304 https://registry.npmjs.org/inherits
272 verbose headers { date: 'Fri, 28 Aug 2020 23:50:58 GMT',
272 verbose headers   connection: 'keep-alive',
272 verbose headers   'set-cookie':
272 verbose headers    [ '__cfduid=d6e21da774547fc7a65094bddd1968e171598658658; expires=Sun, 27-Sep-20 23:50:58 GMT; path=/; domain=.npmjs.org; HttpOnly; SameSite=Lax' ],
272 verbose headers   'cf-ray': '5ca1f007fce2eeb6-GRU',
272 verbose headers   age: '6865',
272 verbose headers   'cache-control': 'public, max-age=300',
272 verbose headers   etag: '"89b9ff30160e62cccc320a50b274ccd9"',
272 verbose headers   'last-modified': 'Wed, 19 Jun 2019 20:18:57 GMT',
272 verbose headers   vary: 'Accept-Encoding',
272 verbose headers   'cf-cache-status': 'HIT',
272 verbose headers   'cf-request-id': '04d91458f70000eeb60b9b6200000001',
272 verbose headers   'expect-ct': 'max-age=604800, report-uri="https://report-uri.cloudflare.com/cdn-cgi/beacon/expect-ct"',
272 verbose headers   server: 'cloudflare' }
273 silly get cb [ 304,
273 silly get   { date: 'Fri, 28 Aug 2020 23:50:58 GMT',
273 silly get     connection: 'keep-alive',
273 silly get     'set-cookie':
273 silly get      [ '__cfduid=d6e21da774547fc7a65094bddd1968e171598658658; expires=Sun, 27-Sep-20 23:50:58 GMT; path=/; domain=.npmjs.org; HttpOnly; SameSite=Lax' ],
273 silly get     'cf-ray': '5ca1f007fce2eeb6-GRU',
273 silly get     age: '6865',
273 silly get     'cache-control': 'public, max-age=300',
273 silly get     etag: '"89b9ff30160e62cccc320a50b274ccd9"',
273 silly get     'last-modified': 'Wed, 19 Jun 2019 20:18:57 GMT',
273 silly get     vary: 'Accept-Encoding',
273 silly get     'cf-cache-status': 'HIT',
273 silly get     'cf-request-id': '04d91458f70000eeb60b9b6200000001',
273 silly get     'expect-ct': 'max-age=604800, report-uri="https://report-uri.cloudflare.com/cdn-cgi/beacon/expect-ct"',
273 silly get     server: 'cloudflare' } ]
274 verbose etag https://registry.npmjs.org/inherits from cache
275 verbose get saving inherits to /home/samuelcdias/.npm/registry.npmjs.org/inherits/.cache.json
276 http 304 https://registry.npmjs.org/interpret
277 verbose headers { date: 'Fri, 28 Aug 2020 23:50:58 GMT',
277 verbose headers   connection: 'keep-alive',
277 verbose headers   'set-cookie':
277 verbose headers    [ '__cfduid=dc366716c38db6ef77251758aed9d169f1598658658; expires=Sun, 27-Sep-20 23:50:58 GMT; path=/; domain=.npmjs.org; HttpOnly; SameSite=Lax' ],
277 verbose headers   'cf-ray': '5ca1f007f9c0f5eb-GRU',
277 verbose headers   age: '5468',
277 verbose headers   'cache-control': 'public, max-age=300',
277 verbose headers   etag: '"99f2474b51cd43f129b9d8a812129e11"',
277 verbose headers   'last-modified': 'Wed, 03 Jun 2020 06:52:10 GMT',
277 verbose headers   vary: 'Accept-Encoding',
277 verbose headers   'cf-cache-status': 'HIT',
277 verbose headers   'cf-request-id': '04d91458fe0000f5ebc53f8200000001',
277 verbose headers   'expect-ct': 'max-age=604800, report-uri="https://report-uri.cloudflare.com/cdn-cgi/beacon/expect-ct"',
277 verbose headers   server: 'cloudflare' }
278 silly get cb [ 304,
278 silly get   { date: 'Fri, 28 Aug 2020 23:50:58 GMT',
278 silly get     connection: 'keep-alive',
278 silly get     'set-cookie':
278 silly get      [ '__cfduid=dc366716c38db6ef77251758aed9d169f1598658658; expires=Sun, 27-Sep-20 23:50:58 GMT; path=/; domain=.npmjs.org; HttpOnly; SameSite=Lax' ],
278 silly get     'cf-ray': '5ca1f007f9c0f5eb-GRU',
278 silly get     age: '5468',
278 silly get     'cache-control': 'public, max-age=300',
278 silly get     etag: '"99f2474b51cd43f129b9d8a812129e11"',
278 silly get     'last-modified': 'Wed, 03 Jun 2020 06:52:10 GMT',
278 silly get     vary: 'Accept-Encoding',
278 silly get     'cf-cache-status': 'HIT',
278 silly get     'cf-request-id': '04d91458fe0000f5ebc53f8200000001',
278 silly get     'expect-ct': 'max-age=604800, report-uri="https://report-uri.cloudflare.com/cdn-cgi/beacon/expect-ct"',
278 silly get     server: 'cloudflare' } ]
279 verbose etag https://registry.npmjs.org/interpret from cache
280 verbose get saving interpret to /home/samuelcdias/.npm/registry.npmjs.org/interpret/.cache.json
281 http 304 https://registry.npmjs.org/debug
282 verbose headers { date: 'Fri, 28 Aug 2020 23:50:58 GMT',
282 verbose headers   connection: 'keep-alive',
282 verbose headers   'set-cookie':
282 verbose headers    [ '__cfduid=d9fd9c253334e8e7fa9df2b30a1d311ce1598658658; expires=Sun, 27-Sep-20 23:50:58 GMT; path=/; domain=.npmjs.org; HttpOnly; SameSite=Lax' ],
282 verbose headers   'cf-ray': '5ca1f00809c1f66b-GRU',
282 verbose headers   age: '1540',
282 verbose headers   'cache-control': 'public, max-age=300',
282 verbose headers   etag: '"682ba37cc9406956ab0280ea33284028"',
282 verbose headers   'last-modified': 'Tue, 19 May 2020 09:51:31 GMT',
282 verbose headers   vary: 'Accept-Encoding',
282 verbose headers   'cf-cache-status': 'HIT',
282 verbose headers   'cf-request-id': '04d91459040000f66bf89e8200000001',
282 verbose headers   'expect-ct': 'max-age=604800, report-uri="https://report-uri.cloudflare.com/cdn-cgi/beacon/expect-ct"',
282 verbose headers   server: 'cloudflare' }
283 silly get cb [ 304,
283 silly get   { date: 'Fri, 28 Aug 2020 23:50:58 GMT',
283 silly get     connection: 'keep-alive',
283 silly get     'set-cookie':
283 silly get      [ '__cfduid=d9fd9c253334e8e7fa9df2b30a1d311ce1598658658; expires=Sun, 27-Sep-20 23:50:58 GMT; path=/; domain=.npmjs.org; HttpOnly; SameSite=Lax' ],
283 silly get     'cf-ray': '5ca1f00809c1f66b-GRU',
283 silly get     age: '1540',
283 silly get     'cache-control': 'public, max-age=300',
283 silly get     etag: '"682ba37cc9406956ab0280ea33284028"',
283 silly get     'last-modified': 'Tue, 19 May 2020 09:51:31 GMT',
283 silly get     vary: 'Accept-Encoding',
283 silly get     'cf-cache-status': 'HIT',
283 silly get     'cf-request-id': '04d91459040000f66bf89e8200000001',
283 silly get     'expect-ct': 'max-age=604800, report-uri="https://report-uri.cloudflare.com/cdn-cgi/beacon/expect-ct"',
283 silly get     server: 'cloudflare' } ]
284 verbose etag https://registry.npmjs.org/debug from cache
285 verbose get saving debug to /home/samuelcdias/.npm/registry.npmjs.org/debug/.cache.json
286 http 304 https://registry.npmjs.org/liftoff
287 verbose headers { date: 'Fri, 28 Aug 2020 23:50:58 GMT',
287 verbose headers   connection: 'keep-alive',
287 verbose headers   'set-cookie':
287 verbose headers    [ '__cfduid=def387c0c66d88fa29e14f738303c84451598658658; expires=Sun, 27-Sep-20 23:50:58 GMT; path=/; domain=.npmjs.org; HttpOnly; SameSite=Lax' ],
287 verbose headers   'cf-ray': '5ca1f008186cd04c-GRU',
287 verbose headers   age: '6702',
287 verbose headers   'cache-control': 'public, max-age=300',
287 verbose headers   etag: '"4c6a3e23e3b7090dd71022c3469f7f01"',
287 verbose headers   'last-modified': 'Sun, 10 Mar 2019 22:03:46 GMT',
287 verbose headers   vary: 'Accept-Encoding',
287 verbose headers   'cf-cache-status': 'HIT',
287 verbose headers   'cf-request-id': '04d914590a0000d04c86951200000001',
287 verbose headers   'expect-ct': 'max-age=604800, report-uri="https://report-uri.cloudflare.com/cdn-cgi/beacon/expect-ct"',
287 verbose headers   server: 'cloudflare' }
288 silly get cb [ 304,
288 silly get   { date: 'Fri, 28 Aug 2020 23:50:58 GMT',
288 silly get     connection: 'keep-alive',
288 silly get     'set-cookie':
288 silly get      [ '__cfduid=def387c0c66d88fa29e14f738303c84451598658658; expires=Sun, 27-Sep-20 23:50:58 GMT; path=/; domain=.npmjs.org; HttpOnly; SameSite=Lax' ],
288 silly get     'cf-ray': '5ca1f008186cd04c-GRU',
288 silly get     age: '6702',
288 silly get     'cache-control': 'public, max-age=300',
288 silly get     etag: '"4c6a3e23e3b7090dd71022c3469f7f01"',
288 silly get     'last-modified': 'Sun, 10 Mar 2019 22:03:46 GMT',
288 silly get     vary: 'Accept-Encoding',
288 silly get     'cf-cache-status': 'HIT',
288 silly get     'cf-request-id': '04d914590a0000d04c86951200000001',
288 silly get     'expect-ct': 'max-age=604800, report-uri="https://report-uri.cloudflare.com/cdn-cgi/beacon/expect-ct"',
288 silly get     server: 'cloudflare' } ]
289 verbose etag https://registry.npmjs.org/liftoff from cache
290 verbose get saving liftoff to /home/samuelcdias/.npm/registry.npmjs.org/liftoff/.cache.json
291 http 304 https://registry.npmjs.org/esm
292 verbose headers { date: 'Fri, 28 Aug 2020 23:50:58 GMT',
292 verbose headers   connection: 'keep-alive',
292 verbose headers   'set-cookie':
292 verbose headers    [ '__cfduid=d82e05ceca6611095e80ba0e3695146db1598658658; expires=Sun, 27-Sep-20 23:50:58 GMT; path=/; domain=.npmjs.org; HttpOnly; SameSite=Lax' ],
292 verbose headers   'cf-ray': '5ca1f0081a26f718-GRU',
292 verbose headers   age: '4494',
292 verbose headers   'cache-control': 'public, max-age=300',
292 verbose headers   etag: '"ffb044fdd4b295d4f9a02b41022167ff"',
292 verbose headers   'last-modified': 'Fri, 16 Aug 2019 06:01:57 GMT',
292 verbose headers   vary: 'Accept-Encoding',
292 verbose headers   'cf-cache-status': 'HIT',
292 verbose headers   'cf-request-id': '04d91459100000f71862bea200000001',
292 verbose headers   'expect-ct': 'max-age=604800, report-uri="https://report-uri.cloudflare.com/cdn-cgi/beacon/expect-ct"',
292 verbose headers   server: 'cloudflare' }
293 silly get cb [ 304,
293 silly get   { date: 'Fri, 28 Aug 2020 23:50:58 GMT',
293 silly get     connection: 'keep-alive',
293 silly get     'set-cookie':
293 silly get      [ '__cfduid=d82e05ceca6611095e80ba0e3695146db1598658658; expires=Sun, 27-Sep-20 23:50:58 GMT; path=/; domain=.npmjs.org; HttpOnly; SameSite=Lax' ],
293 silly get     'cf-ray': '5ca1f0081a26f718-GRU',
293 silly get     age: '4494',
293 silly get     'cache-control': 'public, max-age=300',
293 silly get     etag: '"ffb044fdd4b295d4f9a02b41022167ff"',
293 silly get     'last-modified': 'Fri, 16 Aug 2019 06:01:57 GMT',
293 silly get     vary: 'Accept-Encoding',
293 silly get     'cf-cache-status': 'HIT',
293 silly get     'cf-request-id': '04d91459100000f71862bea200000001',
293 silly get     'expect-ct': 'max-age=604800, report-uri="https://report-uri.cloudflare.com/cdn-cgi/beacon/expect-ct"',
293 silly get     server: 'cloudflare' } ]
294 verbose etag https://registry.npmjs.org/esm from cache
295 verbose get saving esm to /home/samuelcdias/.npm/registry.npmjs.org/esm/.cache.json
296 http 304 https://registry.npmjs.org/tildify
297 verbose headers { date: 'Fri, 28 Aug 2020 23:50:58 GMT',
297 verbose headers   connection: 'keep-alive',
297 verbose headers   'set-cookie':
297 verbose headers    [ '__cfduid=dd2543858292633e47ddf097fec403eac1598658658; expires=Sun, 27-Sep-20 23:50:58 GMT; path=/; domain=.npmjs.org; HttpOnly; SameSite=Lax' ],
297 verbose headers   'cf-ray': '5ca1f0082b2ff607-GRU',
297 verbose headers   age: '2300',
297 verbose headers   'cache-control': 'public, max-age=300',
297 verbose headers   etag: '"52aeb914d453aef59b84e4d99861ffeb"',
297 verbose headers   'last-modified': 'Mon, 29 Apr 2019 03:38:41 GMT',
297 verbose headers   vary: 'Accept-Encoding',
297 verbose headers   'cf-cache-status': 'HIT',
297 verbose headers   'cf-request-id': '04d914591c0000f6075eb6e200000001',
297 verbose headers   'expect-ct': 'max-age=604800, report-uri="https://report-uri.cloudflare.com/cdn-cgi/beacon/expect-ct"',
297 verbose headers   server: 'cloudflare' }
298 silly get cb [ 304,
298 silly get   { date: 'Fri, 28 Aug 2020 23:50:58 GMT',
298 silly get     connection: 'keep-alive',
298 silly get     'set-cookie':
298 silly get      [ '__cfduid=dd2543858292633e47ddf097fec403eac1598658658; expires=Sun, 27-Sep-20 23:50:58 GMT; path=/; domain=.npmjs.org; HttpOnly; SameSite=Lax' ],
298 silly get     'cf-ray': '5ca1f0082b2ff607-GRU',
298 silly get     age: '2300',
298 silly get     'cache-control': 'public, max-age=300',
298 silly get     etag: '"52aeb914d453aef59b84e4d99861ffeb"',
298 silly get     'last-modified': 'Mon, 29 Apr 2019 03:38:41 GMT',
298 silly get     vary: 'Accept-Encoding',
298 silly get     'cf-cache-status': 'HIT',
298 silly get     'cf-request-id': '04d914591c0000f6075eb6e200000001',
298 silly get     'expect-ct': 'max-age=604800, report-uri="https://report-uri.cloudflare.com/cdn-cgi/beacon/expect-ct"',
298 silly get     server: 'cloudflare' } ]
299 verbose etag https://registry.npmjs.org/tildify from cache
300 verbose get saving tildify to /home/samuelcdias/.npm/registry.npmjs.org/tildify/.cache.json
301 http 304 https://registry.npmjs.org/pg-connection-string
302 verbose headers { date: 'Fri, 28 Aug 2020 23:50:58 GMT',
302 verbose headers   connection: 'keep-alive',
302 verbose headers   'set-cookie':
302 verbose headers    [ '__cfduid=db9aaf1777708c484a6952599ea06dff71598658658; expires=Sun, 27-Sep-20 23:50:58 GMT; path=/; domain=.npmjs.org; HttpOnly; SameSite=Lax' ],
302 verbose headers   'cf-ray': '5ca1f0083e2df1ff-GRU',
302 verbose headers   age: '1063',
302 verbose headers   'cache-control': 'public, max-age=300',
302 verbose headers   etag: '"bd36b5ef99b401e9600bf9fc6844d0a7"',
302 verbose headers   'last-modified': 'Thu, 09 Jul 2020 15:41:41 GMT',
302 verbose headers   vary: 'Accept-Encoding',
302 verbose headers   'cf-cache-status': 'HIT',
302 verbose headers   'cf-request-id': '04d91459220000f1ff180ac200000001',
302 verbose headers   'expect-ct': 'max-age=604800, report-uri="https://report-uri.cloudflare.com/cdn-cgi/beacon/expect-ct"',
302 verbose headers   server: 'cloudflare' }
303 silly get cb [ 304,
303 silly get   { date: 'Fri, 28 Aug 2020 23:50:58 GMT',
303 silly get     connection: 'keep-alive',
303 silly get     'set-cookie':
303 silly get      [ '__cfduid=db9aaf1777708c484a6952599ea06dff71598658658; expires=Sun, 27-Sep-20 23:50:58 GMT; path=/; domain=.npmjs.org; HttpOnly; SameSite=Lax' ],
303 silly get     'cf-ray': '5ca1f0083e2df1ff-GRU',
303 silly get     age: '1063',
303 silly get     'cache-control': 'public, max-age=300',
303 silly get     etag: '"bd36b5ef99b401e9600bf9fc6844d0a7"',
303 silly get     'last-modified': 'Thu, 09 Jul 2020 15:41:41 GMT',
303 silly get     vary: 'Accept-Encoding',
303 silly get     'cf-cache-status': 'HIT',
303 silly get     'cf-request-id': '04d91459220000f1ff180ac200000001',
303 silly get     'expect-ct': 'max-age=604800, report-uri="https://report-uri.cloudflare.com/cdn-cgi/beacon/expect-ct"',
303 silly get     server: 'cloudflare' } ]
304 verbose etag https://registry.npmjs.org/pg-connection-string from cache
305 verbose get saving pg-connection-string to /home/samuelcdias/.npm/registry.npmjs.org/pg-connection-string/.cache.json
306 http 304 https://registry.npmjs.org/tarn
307 verbose headers { date: 'Fri, 28 Aug 2020 23:50:58 GMT',
307 verbose headers   connection: 'keep-alive',
307 verbose headers   'set-cookie':
307 verbose headers    [ '__cfduid=d1f687761de0b2b8212d1b4a3e0b833c41598658658; expires=Sun, 27-Sep-20 23:50:58 GMT; path=/; domain=.npmjs.org; HttpOnly; SameSite=Lax' ],
307 verbose headers   'cf-ray': '5ca1f0083a3ecff8-GRU',
307 verbose headers   age: '1558',
307 verbose headers   'cache-control': 'public, max-age=300',
307 verbose headers   etag: '"5f818753ef5dff721be0f4d8b9d01fb6"',
307 verbose headers   'last-modified': 'Sat, 18 Apr 2020 00:10:20 GMT',
307 verbose headers   vary: 'Accept-Encoding',
307 verbose headers   'cf-cache-status': 'HIT',
307 verbose headers   'cf-request-id': '04d91459260000cff8399c3200000001',
307 verbose headers   'expect-ct': 'max-age=604800, report-uri="https://report-uri.cloudflare.com/cdn-cgi/beacon/expect-ct"',
307 verbose headers   server: 'cloudflare' }
308 silly get cb [ 304,
308 silly get   { date: 'Fri, 28 Aug 2020 23:50:58 GMT',
308 silly get     connection: 'keep-alive',
308 silly get     'set-cookie':
308 silly get      [ '__cfduid=d1f687761de0b2b8212d1b4a3e0b833c41598658658; expires=Sun, 27-Sep-20 23:50:58 GMT; path=/; domain=.npmjs.org; HttpOnly; SameSite=Lax' ],
308 silly get     'cf-ray': '5ca1f0083a3ecff8-GRU',
308 silly get     age: '1558',
308 silly get     'cache-control': 'public, max-age=300',
308 silly get     etag: '"5f818753ef5dff721be0f4d8b9d01fb6"',
308 silly get     'last-modified': 'Sat, 18 Apr 2020 00:10:20 GMT',
308 silly get     vary: 'Accept-Encoding',
308 silly get     'cf-cache-status': 'HIT',
308 silly get     'cf-request-id': '04d91459260000cff8399c3200000001',
308 silly get     'expect-ct': 'max-age=604800, report-uri="https://report-uri.cloudflare.com/cdn-cgi/beacon/expect-ct"',
308 silly get     server: 'cloudflare' } ]
309 verbose etag https://registry.npmjs.org/tarn from cache
310 verbose get saving tarn to /home/samuelcdias/.npm/registry.npmjs.org/tarn/.cache.json
311 http 304 https://registry.npmjs.org/mkdirp
312 verbose headers { date: 'Fri, 28 Aug 2020 23:50:58 GMT',
312 verbose headers   connection: 'keep-alive',
312 verbose headers   'set-cookie':
312 verbose headers    [ '__cfduid=dd5a62dffde03e01e1b8869caf0128f221598658658; expires=Sun, 27-Sep-20 23:50:58 GMT; path=/; domain=.npmjs.org; HttpOnly; SameSite=Lax' ],
312 verbose headers   'cf-ray': '5ca1f0082f0df1d2-GRU',
312 verbose headers   age: '1122',
312 verbose headers   'cache-control': 'public, max-age=300',
312 verbose headers   etag: '"0730d9c43c136c318d8e19c69cbd72aa"',
312 verbose headers   'last-modified': 'Wed, 22 Apr 2020 06:03:24 GMT',
312 verbose headers   vary: 'Accept-Encoding',
312 verbose headers   'cf-cache-status': 'HIT',
312 verbose headers   'cf-request-id': '04d91459150000f1d2ad075200000001',
312 verbose headers   'expect-ct': 'max-age=604800, report-uri="https://report-uri.cloudflare.com/cdn-cgi/beacon/expect-ct"',
312 verbose headers   server: 'cloudflare' }
313 silly get cb [ 304,
313 silly get   { date: 'Fri, 28 Aug 2020 23:50:58 GMT',
313 silly get     connection: 'keep-alive',
313 silly get     'set-cookie':
313 silly get      [ '__cfduid=dd5a62dffde03e01e1b8869caf0128f221598658658; expires=Sun, 27-Sep-20 23:50:58 GMT; path=/; domain=.npmjs.org; HttpOnly; SameSite=Lax' ],
313 silly get     'cf-ray': '5ca1f0082f0df1d2-GRU',
313 silly get     age: '1122',
313 silly get     'cache-control': 'public, max-age=300',
313 silly get     etag: '"0730d9c43c136c318d8e19c69cbd72aa"',
313 silly get     'last-modified': 'Wed, 22 Apr 2020 06:03:24 GMT',
313 silly get     vary: 'Accept-Encoding',
313 silly get     'cf-cache-status': 'HIT',
313 silly get     'cf-request-id': '04d91459150000f1d2ad075200000001',
313 silly get     'expect-ct': 'max-age=604800, report-uri="https://report-uri.cloudflare.com/cdn-cgi/beacon/expect-ct"',
313 silly get     server: 'cloudflare' } ]
314 verbose etag https://registry.npmjs.org/mkdirp from cache
315 verbose get saving mkdirp to /home/samuelcdias/.npm/registry.npmjs.org/mkdirp/.cache.json
316 http 304 https://registry.npmjs.org/v8flags
317 verbose headers { date: 'Fri, 28 Aug 2020 23:50:58 GMT',
317 verbose headers   connection: 'keep-alive',
317 verbose headers   'set-cookie':
317 verbose headers    [ '__cfduid=d168ea2884c9b2a57e23a69c770c78b711598658658; expires=Sun, 27-Sep-20 23:50:58 GMT; path=/; domain=.npmjs.org; HttpOnly; SameSite=Lax' ],
317 verbose headers   'cf-ray': '5ca1f008889af67f-GRU',
317 verbose headers   age: '934',
317 verbose headers   'cache-control': 'public, max-age=300',
317 verbose headers   etag: '"89844c7b247807135e4a197d630e317c"',
317 verbose headers   'last-modified': 'Sun, 31 May 2020 22:29:48 GMT',
317 verbose headers   vary: 'Accept-Encoding',
317 verbose headers   'cf-cache-status': 'HIT',
317 verbose headers   'cf-request-id': '04d91459500000f67fd716a200000001',
317 verbose headers   'expect-ct': 'max-age=604800, report-uri="https://report-uri.cloudflare.com/cdn-cgi/beacon/expect-ct"',
317 verbose headers   server: 'cloudflare' }
318 silly get cb [ 304,
318 silly get   { date: 'Fri, 28 Aug 2020 23:50:58 GMT',
318 silly get     connection: 'keep-alive',
318 silly get     'set-cookie':
318 silly get      [ '__cfduid=d168ea2884c9b2a57e23a69c770c78b711598658658; expires=Sun, 27-Sep-20 23:50:58 GMT; path=/; domain=.npmjs.org; HttpOnly; SameSite=Lax' ],
318 silly get     'cf-ray': '5ca1f008889af67f-GRU',
318 silly get     age: '934',
318 silly get     'cache-control': 'public, max-age=300',
318 silly get     etag: '"89844c7b247807135e4a197d630e317c"',
318 silly get     'last-modified': 'Sun, 31 May 2020 22:29:48 GMT',
318 silly get     vary: 'Accept-Encoding',
318 silly get     'cf-cache-status': 'HIT',
318 silly get     'cf-request-id': '04d91459500000f67fd716a200000001',
318 silly get     'expect-ct': 'max-age=604800, report-uri="https://report-uri.cloudflare.com/cdn-cgi/beacon/expect-ct"',
318 silly get     server: 'cloudflare' } ]
319 verbose etag https://registry.npmjs.org/v8flags from cache
320 verbose get saving v8flags to /home/samuelcdias/.npm/registry.npmjs.org/v8flags/.cache.json
321 http 304 https://registry.npmjs.org/lodash
322 verbose headers { date: 'Fri, 28 Aug 2020 23:50:58 GMT',
322 verbose headers   connection: 'keep-alive',
322 verbose headers   'set-cookie':
322 verbose headers    [ '__cfduid=d9ba66cc6dfae222c1475da96bfb64cb11598658658; expires=Sun, 27-Sep-20 23:50:58 GMT; path=/; domain=.npmjs.org; HttpOnly; SameSite=Lax' ],
322 verbose headers   'cf-ray': '5ca1f0087b80f740-GRU',
322 verbose headers   age: '2983',
322 verbose headers   'cache-control': 'public, max-age=300',
322 verbose headers   etag: '"3f005a7ad577880ce2d2f8c0a9840608"',
322 verbose headers   'last-modified': 'Sun, 16 Aug 2020 05:34:37 GMT',
322 verbose headers   vary: 'Accept-Encoding',
322 verbose headers   'cf-cache-status': 'HIT',
322 verbose headers   'cf-request-id': '04d914594d0000f740223fa200000001',
322 verbose headers   'expect-ct': 'max-age=604800, report-uri="https://report-uri.cloudflare.com/cdn-cgi/beacon/expect-ct"',
322 verbose headers   server: 'cloudflare' }
323 silly get cb [ 304,
323 silly get   { date: 'Fri, 28 Aug 2020 23:50:58 GMT',
323 silly get     connection: 'keep-alive',
323 silly get     'set-cookie':
323 silly get      [ '__cfduid=d9ba66cc6dfae222c1475da96bfb64cb11598658658; expires=Sun, 27-Sep-20 23:50:58 GMT; path=/; domain=.npmjs.org; HttpOnly; SameSite=Lax' ],
323 silly get     'cf-ray': '5ca1f0087b80f740-GRU',
323 silly get     age: '2983',
323 silly get     'cache-control': 'public, max-age=300',
323 silly get     etag: '"3f005a7ad577880ce2d2f8c0a9840608"',
323 silly get     'last-modified': 'Sun, 16 Aug 2020 05:34:37 GMT',
323 silly get     vary: 'Accept-Encoding',
323 silly get     'cf-cache-status': 'HIT',
323 silly get     'cf-request-id': '04d914594d0000f740223fa200000001',
323 silly get     'expect-ct': 'max-age=604800, report-uri="https://report-uri.cloudflare.com/cdn-cgi/beacon/expect-ct"',
323 silly get     server: 'cloudflare' } ]
324 verbose etag https://registry.npmjs.org/lodash from cache
325 verbose get saving lodash to /home/samuelcdias/.npm/registry.npmjs.org/lodash/.cache.json
326 http 304 https://registry.npmjs.org/uuid
327 verbose headers { date: 'Fri, 28 Aug 2020 23:50:58 GMT',
327 verbose headers   connection: 'keep-alive',
327 verbose headers   'set-cookie':
327 verbose headers    [ '__cfduid=d0eaeab74421cfadafaec184a33f432631598658658; expires=Sun, 27-Sep-20 23:50:58 GMT; path=/; domain=.npmjs.org; HttpOnly; SameSite=Lax' ],
327 verbose headers   'cf-ray': '5ca1f0088f37f724-GRU',
327 verbose headers   age: '3740',
327 verbose headers   'cache-control': 'public, max-age=300',
327 verbose headers   etag: '"81541449430a931ec16d0b1d296f18cd"',
327 verbose headers   'last-modified': 'Mon, 27 Jul 2020 19:01:40 GMT',
327 verbose headers   vary: 'Accept-Encoding',
327 verbose headers   'cf-cache-status': 'HIT',
327 verbose headers   'cf-request-id': '04d91459560000f7242ea2d200000001',
327 verbose headers   'expect-ct': 'max-age=604800, report-uri="https://report-uri.cloudflare.com/cdn-cgi/beacon/expect-ct"',
327 verbose headers   server: 'cloudflare' }
328 silly get cb [ 304,
328 silly get   { date: 'Fri, 28 Aug 2020 23:50:58 GMT',
328 silly get     connection: 'keep-alive',
328 silly get     'set-cookie':
328 silly get      [ '__cfduid=d0eaeab74421cfadafaec184a33f432631598658658; expires=Sun, 27-Sep-20 23:50:58 GMT; path=/; domain=.npmjs.org; HttpOnly; SameSite=Lax' ],
328 silly get     'cf-ray': '5ca1f0088f37f724-GRU',
328 silly get     age: '3740',
328 silly get     'cache-control': 'public, max-age=300',
328 silly get     etag: '"81541449430a931ec16d0b1d296f18cd"',
328 silly get     'last-modified': 'Mon, 27 Jul 2020 19:01:40 GMT',
328 silly get     vary: 'Accept-Encoding',
328 silly get     'cf-cache-status': 'HIT',
328 silly get     'cf-request-id': '04d91459560000f7242ea2d200000001',
328 silly get     'expect-ct': 'max-age=604800, report-uri="https://report-uri.cloudflare.com/cdn-cgi/beacon/expect-ct"',
328 silly get     server: 'cloudflare' } ]
329 verbose etag https://registry.npmjs.org/uuid from cache
330 verbose get saving uuid to /home/samuelcdias/.npm/registry.npmjs.org/uuid/.cache.json
331 verbose stack Error: Missing required argument #1
331 verbose stack     at andLogAndFinish (/usr/share/npm/lib/fetch-package-metadata.js:31:3)
331 verbose stack     at fetchPackageMetadata (/usr/share/npm/lib/fetch-package-metadata.js:51:22)
331 verbose stack     at resolveWithNewModule (/usr/share/npm/lib/install/deps.js:456:12)
331 verbose stack     at /usr/share/npm/lib/install/deps.js:457:7
331 verbose stack     at /usr/share/npm/node_modules/iferr/index.js:13:50
331 verbose stack     at /usr/share/npm/lib/fetch-package-metadata.js:37:12
331 verbose stack     at addRequestedAndFinish (/usr/share/npm/lib/fetch-package-metadata.js:82:5)
331 verbose stack     at returnAndAddMetadata (/usr/share/npm/lib/fetch-package-metadata.js:117:7)
331 verbose stack     at pickVersionFromRegistryDocument (/usr/share/npm/lib/fetch-package-metadata.js:134:20)
331 verbose stack     at /usr/share/npm/node_modules/iferr/index.js:13:50
332 verbose cwd /home/samuelcdias/Documentos/conhecimento_noite/backend
333 error Linux 5.4.0-42-generic
334 error argv "/usr/bin/node" "/usr/bin/npm" "i" "-g" "knex"
335 error node v8.10.0
336 error npm  v3.5.2
337 error code EMISSINGARG
338 error typeerror Error: Missing required argument #1
338 error typeerror     at andLogAndFinish (/usr/share/npm/lib/fetch-package-metadata.js:31:3)
338 error typeerror     at fetchPackageMetadata (/usr/share/npm/lib/fetch-package-metadata.js:51:22)
338 error typeerror     at resolveWithNewModule (/usr/share/npm/lib/install/deps.js:456:12)
338 error typeerror     at /usr/share/npm/lib/install/deps.js:457:7
338 error typeerror     at /usr/share/npm/node_modules/iferr/index.js:13:50
338 error typeerror     at /usr/share/npm/lib/fetch-package-metadata.js:37:12
338 error typeerror     at addRequestedAndFinish (/usr/share/npm/lib/fetch-package-metadata.js:82:5)
338 error typeerror     at returnAndAddMetadata (/usr/share/npm/lib/fetch-package-metadata.js:117:7)
338 error typeerror     at pickVersionFromRegistryDocument (/usr/share/npm/lib/fetch-package-metadata.js:134:20)
338 error typeerror     at /usr/share/npm/node_modules/iferr/index.js:13:50
339 error typeerror This is an error with npm itself. Please report this error at:
339 error typeerror     <http://github.com/npm/npm/issues>
340 verbose exit [ 1, true ]
